<?xml version="1.0" encoding="UTF-8"?>
<!-- Generated by org.testng.reporters.JUnitReportReporter -->
<testsuite skipped="0" hostname="admin-PC" name="com.RunCases.runCases" tests="1" failures="0" timestamp="27 Sep 2019 09:58:12 GMT" time="5.314" errors="0">
  <testcase name="openpage" time="5.314" classname="com.RunCases.runCases"/>
</testsuite> <!-- com.RunCases.runCases -->
