<?xml version="1.0" encoding="UTF-8"?>
<!-- Generated by org.testng.reporters.JUnitReportReporter -->
<testsuite hostname="admin-PC" failures="0" tests="1" name="com.RunCases.runCases" time="6.302" errors="0" timestamp="17 Jan 2020 05:10:13 GMT">
  <testcase classname="com.RunCases.runCases" name="openpage" time="6.302"/>
</testsuite> <!-- com.RunCases.runCases -->
